[xorm] [info]  2017/01/05 01:18:46.446192 [sql] SELECT `TABLE_NAME` from `INFORMATION_SCHEMA`.`TABLES` WHERE `TABLE_SCHEMA`=? and `TABLE_NAME`=? [args] [gogs version]
[xorm] [info]  2017/01/05 01:18:46.466160 [sql]SELECT `COLUMN_NAME` FROM `INFORMATION_SCHEMA`.`COLUMNS` WHERE `TABLE_SCHEMA` = ? AND `TABLE_NAME` = ? AND `COLUMN_NAME` = ?[gogs version id]
[xorm] [info]  2017/01/05 01:18:46.467120 [sql]SELECT `COLUMN_NAME` FROM `INFORMATION_SCHEMA`.`COLUMNS` WHERE `TABLE_SCHEMA` = ? AND `TABLE_NAME` = ? AND `COLUMN_NAME` = ?[gogs version version]
[xorm] [info]  2017/01/05 01:18:46.467981 [sql] SELECT `id`, `version` FROM `version` WHERE `id`=? LIMIT 1 [args] [1]
[xorm] [info]  2017/01/05 01:18:46.472888 [sql]SELECT `TABLE_NAME`, `ENGINE`, `TABLE_ROWS`, `AUTO_INCREMENT` from `INFORMATION_SCHEMA`.`TABLES` WHERE `TABLE_SCHEMA`=? AND (`ENGINE`='MyISAM' OR `ENGINE` = 'InnoDB' OR `ENGINE` = 'TokuDB')[gogs]
[xorm] [info]  2017/01/05 01:18:47.060880 [sql]SELECT `COLUMN_NAME`, `IS_NULLABLE`, `COLUMN_DEFAULT`, `COLUMN_TYPE`, `COLUMN_KEY`, `EXTRA` FROM `INFORMATION_SCHEMA`.`COLUMNS` WHERE `TABLE_SCHEMA` = ? AND `TABLE_NAME` = ?[gogs access]
[xorm] [info]  2017/01/05 01:18:47.062681 [sql]SELECT `INDEX_NAME`, `NON_UNIQUE`, `COLUMN_NAME` FROM `INFORMATION_SCHEMA`.`STATISTICS` WHERE `TABLE_SCHEMA` = ? AND `TABLE_NAME` = ?[gogs access]
[xorm] [info]  2017/01/05 01:18:47.063588 [sql]SELECT `COLUMN_NAME`, `IS_NULLABLE`, `COLUMN_DEFAULT`, `COLUMN_TYPE`, `COLUMN_KEY`, `EXTRA` FROM `INFORMATION_SCHEMA`.`COLUMNS` WHERE `TABLE_SCHEMA` = ? AND `TABLE_NAME` = ?[gogs access_token]
[xorm] [info]  2017/01/05 01:18:47.065016 [sql]SELECT `INDEX_NAME`, `NON_UNIQUE`, `COLUMN_NAME` FROM `INFORMATION_SCHEMA`.`STATISTICS` WHERE `TABLE_SCHEMA` = ? AND `TABLE_NAME` = ?[gogs access_token]
[xorm] [info]  2017/01/05 01:18:47.065862 [sql]SELECT `COLUMN_NAME`, `IS_NULLABLE`, `COLUMN_DEFAULT`, `COLUMN_TYPE`, `COLUMN_KEY`, `EXTRA` FROM `INFORMATION_SCHEMA`.`COLUMNS` WHERE `TABLE_SCHEMA` = ? AND `TABLE_NAME` = ?[gogs action]
[xorm] [info]  2017/01/05 01:18:47.067427 [sql]SELECT `INDEX_NAME`, `NON_UNIQUE`, `COLUMN_NAME` FROM `INFORMATION_SCHEMA`.`STATISTICS` WHERE `TABLE_SCHEMA` = ? AND `TABLE_NAME` = ?[gogs action]
[xorm] [info]  2017/01/05 01:18:47.068236 [sql]SELECT `COLUMN_NAME`, `IS_NULLABLE`, `COLUMN_DEFAULT`, `COLUMN_TYPE`, `COLUMN_KEY`, `EXTRA` FROM `INFORMATION_SCHEMA`.`COLUMNS` WHERE `TABLE_SCHEMA` = ? AND `TABLE_NAME` = ?[gogs attachment]
[xorm] [info]  2017/01/05 01:18:47.069653 [sql]SELECT `INDEX_NAME`, `NON_UNIQUE`, `COLUMN_NAME` FROM `INFORMATION_SCHEMA`.`STATISTICS` WHERE `TABLE_SCHEMA` = ? AND `TABLE_NAME` = ?[gogs attachment]
[xorm] [info]  2017/01/05 01:18:47.070471 [sql]SELECT `COLUMN_NAME`, `IS_NULLABLE`, `COLUMN_DEFAULT`, `COLUMN_TYPE`, `COLUMN_KEY`, `EXTRA` FROM `INFORMATION_SCHEMA`.`COLUMNS` WHERE `TABLE_SCHEMA` = ? AND `TABLE_NAME` = ?[gogs collaboration]
[xorm] [info]  2017/01/05 01:18:47.071793 [sql]SELECT `INDEX_NAME`, `NON_UNIQUE`, `COLUMN_NAME` FROM `INFORMATION_SCHEMA`.`STATISTICS` WHERE `TABLE_SCHEMA` = ? AND `TABLE_NAME` = ?[gogs collaboration]
[xorm] [info]  2017/01/05 01:18:47.072648 [sql]SELECT `COLUMN_NAME`, `IS_NULLABLE`, `COLUMN_DEFAULT`, `COLUMN_TYPE`, `COLUMN_KEY`, `EXTRA` FROM `INFORMATION_SCHEMA`.`COLUMNS` WHERE `TABLE_SCHEMA` = ? AND `TABLE_NAME` = ?[gogs comment]
[xorm] [info]  2017/01/05 01:18:47.074439 [sql]SELECT `INDEX_NAME`, `NON_UNIQUE`, `COLUMN_NAME` FROM `INFORMATION_SCHEMA`.`STATISTICS` WHERE `TABLE_SCHEMA` = ? AND `TABLE_NAME` = ?[gogs comment]
[xorm] [info]  2017/01/05 01:18:47.075593 [sql]SELECT `COLUMN_NAME`, `IS_NULLABLE`, `COLUMN_DEFAULT`, `COLUMN_TYPE`, `COLUMN_KEY`, `EXTRA` FROM `INFORMATION_SCHEMA`.`COLUMNS` WHERE `TABLE_SCHEMA` = ? AND `TABLE_NAME` = ?[gogs deploy_key]
[xorm] [info]  2017/01/05 01:18:47.077394 [sql]SELECT `INDEX_NAME`, `NON_UNIQUE`, `COLUMN_NAME` FROM `INFORMATION_SCHEMA`.`STATISTICS` WHERE `TABLE_SCHEMA` = ? AND `TABLE_NAME` = ?[gogs deploy_key]
[xorm] [info]  2017/01/05 01:18:47.078531 [sql]SELECT `COLUMN_NAME`, `IS_NULLABLE`, `COLUMN_DEFAULT`, `COLUMN_TYPE`, `COLUMN_KEY`, `EXTRA` FROM `INFORMATION_SCHEMA`.`COLUMNS` WHERE `TABLE_SCHEMA` = ? AND `TABLE_NAME` = ?[gogs email_address]
[xorm] [info]  2017/01/05 01:18:47.080080 [sql]SELECT `INDEX_NAME`, `NON_UNIQUE`, `COLUMN_NAME` FROM `INFORMATION_SCHEMA`.`STATISTICS` WHERE `TABLE_SCHEMA` = ? AND `TABLE_NAME` = ?[gogs email_address]
[xorm] [info]  2017/01/05 01:18:47.080976 [sql]SELECT `COLUMN_NAME`, `IS_NULLABLE`, `COLUMN_DEFAULT`, `COLUMN_TYPE`, `COLUMN_KEY`, `EXTRA` FROM `INFORMATION_SCHEMA`.`COLUMNS` WHERE `TABLE_SCHEMA` = ? AND `TABLE_NAME` = ?[gogs follow]
[xorm] [info]  2017/01/05 01:18:47.082182 [sql]SELECT `INDEX_NAME`, `NON_UNIQUE`, `COLUMN_NAME` FROM `INFORMATION_SCHEMA`.`STATISTICS` WHERE `TABLE_SCHEMA` = ? AND `TABLE_NAME` = ?[gogs follow]
[xorm] [info]  2017/01/05 01:18:47.082958 [sql]SELECT `COLUMN_NAME`, `IS_NULLABLE`, `COLUMN_DEFAULT`, `COLUMN_TYPE`, `COLUMN_KEY`, `EXTRA` FROM `INFORMATION_SCHEMA`.`COLUMNS` WHERE `TABLE_SCHEMA` = ? AND `TABLE_NAME` = ?[gogs hook_task]
[xorm] [info]  2017/01/05 01:18:47.084483 [sql]SELECT `INDEX_NAME`, `NON_UNIQUE`, `COLUMN_NAME` FROM `INFORMATION_SCHEMA`.`STATISTICS` WHERE `TABLE_SCHEMA` = ? AND `TABLE_NAME` = ?[gogs hook_task]
[xorm] [info]  2017/01/05 01:18:47.085249 [sql]SELECT `COLUMN_NAME`, `IS_NULLABLE`, `COLUMN_DEFAULT`, `COLUMN_TYPE`, `COLUMN_KEY`, `EXTRA` FROM `INFORMATION_SCHEMA`.`COLUMNS` WHERE `TABLE_SCHEMA` = ? AND `TABLE_NAME` = ?[gogs issue]
[xorm] [info]  2017/01/05 01:18:47.087127 [sql]SELECT `INDEX_NAME`, `NON_UNIQUE`, `COLUMN_NAME` FROM `INFORMATION_SCHEMA`.`STATISTICS` WHERE `TABLE_SCHEMA` = ? AND `TABLE_NAME` = ?[gogs issue]
[xorm] [info]  2017/01/05 01:18:47.088157 [sql]SELECT `COLUMN_NAME`, `IS_NULLABLE`, `COLUMN_DEFAULT`, `COLUMN_TYPE`, `COLUMN_KEY`, `EXTRA` FROM `INFORMATION_SCHEMA`.`COLUMNS` WHERE `TABLE_SCHEMA` = ? AND `TABLE_NAME` = ?[gogs issue_label]
[xorm] [info]  2017/01/05 01:18:47.089635 [sql]SELECT `INDEX_NAME`, `NON_UNIQUE`, `COLUMN_NAME` FROM `INFORMATION_SCHEMA`.`STATISTICS` WHERE `TABLE_SCHEMA` = ? AND `TABLE_NAME` = ?[gogs issue_label]
[xorm] [info]  2017/01/05 01:18:47.090639 [sql]SELECT `COLUMN_NAME`, `IS_NULLABLE`, `COLUMN_DEFAULT`, `COLUMN_TYPE`, `COLUMN_KEY`, `EXTRA` FROM `INFORMATION_SCHEMA`.`COLUMNS` WHERE `TABLE_SCHEMA` = ? AND `TABLE_NAME` = ?[gogs issue_user]
[xorm] [info]  2017/01/05 01:18:47.092160 [sql]SELECT `INDEX_NAME`, `NON_UNIQUE`, `COLUMN_NAME` FROM `INFORMATION_SCHEMA`.`STATISTICS` WHERE `TABLE_SCHEMA` = ? AND `TABLE_NAME` = ?[gogs issue_user]
[xorm] [info]  2017/01/05 01:18:47.093139 [sql]SELECT `COLUMN_NAME`, `IS_NULLABLE`, `COLUMN_DEFAULT`, `COLUMN_TYPE`, `COLUMN_KEY`, `EXTRA` FROM `INFORMATION_SCHEMA`.`COLUMNS` WHERE `TABLE_SCHEMA` = ? AND `TABLE_NAME` = ?[gogs label]
[xorm] [info]  2017/01/05 01:18:47.094650 [sql]SELECT `INDEX_NAME`, `NON_UNIQUE`, `COLUMN_NAME` FROM `INFORMATION_SCHEMA`.`STATISTICS` WHERE `TABLE_SCHEMA` = ? AND `TABLE_NAME` = ?[gogs label]
[xorm] [info]  2017/01/05 01:18:47.095538 [sql]SELECT `COLUMN_NAME`, `IS_NULLABLE`, `COLUMN_DEFAULT`, `COLUMN_TYPE`, `COLUMN_KEY`, `EXTRA` FROM `INFORMATION_SCHEMA`.`COLUMNS` WHERE `TABLE_SCHEMA` = ? AND `TABLE_NAME` = ?[gogs login_source]
[xorm] [info]  2017/01/05 01:18:47.097094 [sql]SELECT `INDEX_NAME`, `NON_UNIQUE`, `COLUMN_NAME` FROM `INFORMATION_SCHEMA`.`STATISTICS` WHERE `TABLE_SCHEMA` = ? AND `TABLE_NAME` = ?[gogs login_source]
[xorm] [info]  2017/01/05 01:18:47.098061 [sql]SELECT `COLUMN_NAME`, `IS_NULLABLE`, `COLUMN_DEFAULT`, `COLUMN_TYPE`, `COLUMN_KEY`, `EXTRA` FROM `INFORMATION_SCHEMA`.`COLUMNS` WHERE `TABLE_SCHEMA` = ? AND `TABLE_NAME` = ?[gogs milestone]
[xorm] [info]  2017/01/05 01:18:47.099701 [sql]SELECT `INDEX_NAME`, `NON_UNIQUE`, `COLUMN_NAME` FROM `INFORMATION_SCHEMA`.`STATISTICS` WHERE `TABLE_SCHEMA` = ? AND `TABLE_NAME` = ?[gogs milestone]
[xorm] [info]  2017/01/05 01:18:47.100683 [sql]SELECT `COLUMN_NAME`, `IS_NULLABLE`, `COLUMN_DEFAULT`, `COLUMN_TYPE`, `COLUMN_KEY`, `EXTRA` FROM `INFORMATION_SCHEMA`.`COLUMNS` WHERE `TABLE_SCHEMA` = ? AND `TABLE_NAME` = ?[gogs mirror]
[xorm] [info]  2017/01/05 01:18:47.102208 [sql]SELECT `INDEX_NAME`, `NON_UNIQUE`, `COLUMN_NAME` FROM `INFORMATION_SCHEMA`.`STATISTICS` WHERE `TABLE_SCHEMA` = ? AND `TABLE_NAME` = ?[gogs mirror]
[xorm] [info]  2017/01/05 01:18:47.103136 [sql]SELECT `COLUMN_NAME`, `IS_NULLABLE`, `COLUMN_DEFAULT`, `COLUMN_TYPE`, `COLUMN_KEY`, `EXTRA` FROM `INFORMATION_SCHEMA`.`COLUMNS` WHERE `TABLE_SCHEMA` = ? AND `TABLE_NAME` = ?[gogs notice]
[xorm] [info]  2017/01/05 01:18:47.104486 [sql]SELECT `INDEX_NAME`, `NON_UNIQUE`, `COLUMN_NAME` FROM `INFORMATION_SCHEMA`.`STATISTICS` WHERE `TABLE_SCHEMA` = ? AND `TABLE_NAME` = ?[gogs notice]
[xorm] [info]  2017/01/05 01:18:47.105376 [sql]SELECT `COLUMN_NAME`, `IS_NULLABLE`, `COLUMN_DEFAULT`, `COLUMN_TYPE`, `COLUMN_KEY`, `EXTRA` FROM `INFORMATION_SCHEMA`.`COLUMNS` WHERE `TABLE_SCHEMA` = ? AND `TABLE_NAME` = ?[gogs org_user]
[xorm] [info]  2017/01/05 01:18:47.106865 [sql]SELECT `INDEX_NAME`, `NON_UNIQUE`, `COLUMN_NAME` FROM `INFORMATION_SCHEMA`.`STATISTICS` WHERE `TABLE_SCHEMA` = ? AND `TABLE_NAME` = ?[gogs org_user]
[xorm] [info]  2017/01/05 01:18:47.107845 [sql]SELECT `COLUMN_NAME`, `IS_NULLABLE`, `COLUMN_DEFAULT`, `COLUMN_TYPE`, `COLUMN_KEY`, `EXTRA` FROM `INFORMATION_SCHEMA`.`COLUMNS` WHERE `TABLE_SCHEMA` = ? AND `TABLE_NAME` = ?[gogs public_key]
[xorm] [info]  2017/01/05 01:18:47.109119 [sql]SELECT `INDEX_NAME`, `NON_UNIQUE`, `COLUMN_NAME` FROM `INFORMATION_SCHEMA`.`STATISTICS` WHERE `TABLE_SCHEMA` = ? AND `TABLE_NAME` = ?[gogs public_key]
[xorm] [info]  2017/01/05 01:18:47.109757 [sql]SELECT `COLUMN_NAME`, `IS_NULLABLE`, `COLUMN_DEFAULT`, `COLUMN_TYPE`, `COLUMN_KEY`, `EXTRA` FROM `INFORMATION_SCHEMA`.`COLUMNS` WHERE `TABLE_SCHEMA` = ? AND `TABLE_NAME` = ?[gogs pull_request]
[xorm] [info]  2017/01/05 01:18:47.246977 [sql]SELECT `INDEX_NAME`, `NON_UNIQUE`, `COLUMN_NAME` FROM `INFORMATION_SCHEMA`.`STATISTICS` WHERE `TABLE_SCHEMA` = ? AND `TABLE_NAME` = ?[gogs pull_request]
[xorm] [info]  2017/01/05 01:18:47.248034 [sql]SELECT `COLUMN_NAME`, `IS_NULLABLE`, `COLUMN_DEFAULT`, `COLUMN_TYPE`, `COLUMN_KEY`, `EXTRA` FROM `INFORMATION_SCHEMA`.`COLUMNS` WHERE `TABLE_SCHEMA` = ? AND `TABLE_NAME` = ?[gogs release]
[xorm] [info]  2017/01/05 01:18:47.249882 [sql]SELECT `INDEX_NAME`, `NON_UNIQUE`, `COLUMN_NAME` FROM `INFORMATION_SCHEMA`.`STATISTICS` WHERE `TABLE_SCHEMA` = ? AND `TABLE_NAME` = ?[gogs release]
[xorm] [info]  2017/01/05 01:18:47.250887 [sql]SELECT `COLUMN_NAME`, `IS_NULLABLE`, `COLUMN_DEFAULT`, `COLUMN_TYPE`, `COLUMN_KEY`, `EXTRA` FROM `INFORMATION_SCHEMA`.`COLUMNS` WHERE `TABLE_SCHEMA` = ? AND `TABLE_NAME` = ?[gogs repository]
[xorm] [info]  2017/01/05 01:18:47.253171 [sql]SELECT `INDEX_NAME`, `NON_UNIQUE`, `COLUMN_NAME` FROM `INFORMATION_SCHEMA`.`STATISTICS` WHERE `TABLE_SCHEMA` = ? AND `TABLE_NAME` = ?[gogs repository]
[xorm] [info]  2017/01/05 01:18:47.254305 [sql]SELECT `COLUMN_NAME`, `IS_NULLABLE`, `COLUMN_DEFAULT`, `COLUMN_TYPE`, `COLUMN_KEY`, `EXTRA` FROM `INFORMATION_SCHEMA`.`COLUMNS` WHERE `TABLE_SCHEMA` = ? AND `TABLE_NAME` = ?[gogs star]
[xorm] [info]  2017/01/05 01:18:47.255836 [sql]SELECT `INDEX_NAME`, `NON_UNIQUE`, `COLUMN_NAME` FROM `INFORMATION_SCHEMA`.`STATISTICS` WHERE `TABLE_SCHEMA` = ? AND `TABLE_NAME` = ?[gogs star]
[xorm] [info]  2017/01/05 01:18:47.256744 [sql]SELECT `COLUMN_NAME`, `IS_NULLABLE`, `COLUMN_DEFAULT`, `COLUMN_TYPE`, `COLUMN_KEY`, `EXTRA` FROM `INFORMATION_SCHEMA`.`COLUMNS` WHERE `TABLE_SCHEMA` = ? AND `TABLE_NAME` = ?[gogs team]
[xorm] [info]  2017/01/05 01:18:47.258477 [sql]SELECT `INDEX_NAME`, `NON_UNIQUE`, `COLUMN_NAME` FROM `INFORMATION_SCHEMA`.`STATISTICS` WHERE `TABLE_SCHEMA` = ? AND `TABLE_NAME` = ?[gogs team]
[xorm] [info]  2017/01/05 01:18:47.259499 [sql]SELECT `COLUMN_NAME`, `IS_NULLABLE`, `COLUMN_DEFAULT`, `COLUMN_TYPE`, `COLUMN_KEY`, `EXTRA` FROM `INFORMATION_SCHEMA`.`COLUMNS` WHERE `TABLE_SCHEMA` = ? AND `TABLE_NAME` = ?[gogs team_repo]
[xorm] [info]  2017/01/05 01:18:47.261126 [sql]SELECT `INDEX_NAME`, `NON_UNIQUE`, `COLUMN_NAME` FROM `INFORMATION_SCHEMA`.`STATISTICS` WHERE `TABLE_SCHEMA` = ? AND `TABLE_NAME` = ?[gogs team_repo]
[xorm] [info]  2017/01/05 01:18:47.262185 [sql]SELECT `COLUMN_NAME`, `IS_NULLABLE`, `COLUMN_DEFAULT`, `COLUMN_TYPE`, `COLUMN_KEY`, `EXTRA` FROM `INFORMATION_SCHEMA`.`COLUMNS` WHERE `TABLE_SCHEMA` = ? AND `TABLE_NAME` = ?[gogs team_user]
[xorm] [info]  2017/01/05 01:18:47.263817 [sql]SELECT `INDEX_NAME`, `NON_UNIQUE`, `COLUMN_NAME` FROM `INFORMATION_SCHEMA`.`STATISTICS` WHERE `TABLE_SCHEMA` = ? AND `TABLE_NAME` = ?[gogs team_user]
[xorm] [info]  2017/01/05 01:18:47.264934 [sql]SELECT `COLUMN_NAME`, `IS_NULLABLE`, `COLUMN_DEFAULT`, `COLUMN_TYPE`, `COLUMN_KEY`, `EXTRA` FROM `INFORMATION_SCHEMA`.`COLUMNS` WHERE `TABLE_SCHEMA` = ? AND `TABLE_NAME` = ?[gogs update_task]
[xorm] [info]  2017/01/05 01:18:47.266546 [sql]SELECT `INDEX_NAME`, `NON_UNIQUE`, `COLUMN_NAME` FROM `INFORMATION_SCHEMA`.`STATISTICS` WHERE `TABLE_SCHEMA` = ? AND `TABLE_NAME` = ?[gogs update_task]
[xorm] [info]  2017/01/05 01:18:47.267547 [sql]SELECT `COLUMN_NAME`, `IS_NULLABLE`, `COLUMN_DEFAULT`, `COLUMN_TYPE`, `COLUMN_KEY`, `EXTRA` FROM `INFORMATION_SCHEMA`.`COLUMNS` WHERE `TABLE_SCHEMA` = ? AND `TABLE_NAME` = ?[gogs upload]
[xorm] [info]  2017/01/05 01:18:47.269141 [sql]SELECT `INDEX_NAME`, `NON_UNIQUE`, `COLUMN_NAME` FROM `INFORMATION_SCHEMA`.`STATISTICS` WHERE `TABLE_SCHEMA` = ? AND `TABLE_NAME` = ?[gogs upload]
[xorm] [info]  2017/01/05 01:18:47.270151 [sql]SELECT `COLUMN_NAME`, `IS_NULLABLE`, `COLUMN_DEFAULT`, `COLUMN_TYPE`, `COLUMN_KEY`, `EXTRA` FROM `INFORMATION_SCHEMA`.`COLUMNS` WHERE `TABLE_SCHEMA` = ? AND `TABLE_NAME` = ?[gogs user]
[xorm] [info]  2017/01/05 01:18:47.272455 [sql]SELECT `INDEX_NAME`, `NON_UNIQUE`, `COLUMN_NAME` FROM `INFORMATION_SCHEMA`.`STATISTICS` WHERE `TABLE_SCHEMA` = ? AND `TABLE_NAME` = ?[gogs user]
[xorm] [info]  2017/01/05 01:18:47.273592 [sql]SELECT `COLUMN_NAME`, `IS_NULLABLE`, `COLUMN_DEFAULT`, `COLUMN_TYPE`, `COLUMN_KEY`, `EXTRA` FROM `INFORMATION_SCHEMA`.`COLUMNS` WHERE `TABLE_SCHEMA` = ? AND `TABLE_NAME` = ?[gogs version]
[xorm] [info]  2017/01/05 01:18:47.275135 [sql]SELECT `INDEX_NAME`, `NON_UNIQUE`, `COLUMN_NAME` FROM `INFORMATION_SCHEMA`.`STATISTICS` WHERE `TABLE_SCHEMA` = ? AND `TABLE_NAME` = ?[gogs version]
[xorm] [info]  2017/01/05 01:18:47.276113 [sql]SELECT `COLUMN_NAME`, `IS_NULLABLE`, `COLUMN_DEFAULT`, `COLUMN_TYPE`, `COLUMN_KEY`, `EXTRA` FROM `INFORMATION_SCHEMA`.`COLUMNS` WHERE `TABLE_SCHEMA` = ? AND `TABLE_NAME` = ?[gogs watch]
[xorm] [info]  2017/01/05 01:18:47.277697 [sql]SELECT `INDEX_NAME`, `NON_UNIQUE`, `COLUMN_NAME` FROM `INFORMATION_SCHEMA`.`STATISTICS` WHERE `TABLE_SCHEMA` = ? AND `TABLE_NAME` = ?[gogs watch]
[xorm] [info]  2017/01/05 01:18:47.278716 [sql]SELECT `COLUMN_NAME`, `IS_NULLABLE`, `COLUMN_DEFAULT`, `COLUMN_TYPE`, `COLUMN_KEY`, `EXTRA` FROM `INFORMATION_SCHEMA`.`COLUMNS` WHERE `TABLE_SCHEMA` = ? AND `TABLE_NAME` = ?[gogs webhook]
[xorm] [info]  2017/01/05 01:18:47.280606 [sql]SELECT `INDEX_NAME`, `NON_UNIQUE`, `COLUMN_NAME` FROM `INFORMATION_SCHEMA`.`STATISTICS` WHERE `TABLE_SCHEMA` = ? AND `TABLE_NAME` = ?[gogs webhook]
[xorm] [warn]  2017/01/05 01:18:47.323252 Table repository Column enable_wiki db default is 1, struct default is true
[xorm] [warn]  2017/01/05 01:18:47.323280 Table repository Column enable_issues db default is 1, struct default is true
[xorm] [warn]  2017/01/05 01:18:47.323297 Table repository Column enable_pulls db default is 1, struct default is true
[xorm] [warn]  2017/01/05 01:18:47.323304 Table repository Column is_fork db default is 0, struct default is false
[xorm] [warn]  2017/01/05 01:18:47.323657 Table action Column is_private db default is 0, struct default is false
[xorm] [warn]  2017/01/05 01:18:47.329704 Table mirror Column enable_prune db default is 1, struct default is true
[xorm] [warn]  2017/01/05 01:18:47.329878 Table release Column is_draft db default is 0, struct default is false
[xorm] [warn]  2017/01/05 01:18:47.329947 Table login_source Column is_actived db default is 0, struct default is false
[xorm] [info]  2017/01/05 01:18:47.400044 [sql] SELECT repo.id FROM `repository` repo WHERE repo.num_watches!=(SELECT COUNT(*) FROM `watch` WHERE repo_id=repo.id)
[xorm] [info]  2017/01/05 01:18:47.401015 [sql] SELECT `id`, `type`, `status`, `issue_id`, `index`, `head_repo_id`, `base_repo_id`, `head_user_name`, `head_branch`, `base_branch`, `merge_base`, `has_merged`, `merged_commit_id`, `merger_id`, `merged_unix` FROM `pull_request` WHERE `status`=? [args] [1]
[xorm] [info]  2017/01/05 01:18:47.401022 [sql] SELECT repo.id FROM `repository` repo WHERE repo.num_stars!=(SELECT COUNT(*) FROM `star` WHERE repo_id=repo.id)
[xorm] [info]  2017/01/05 01:18:47.401727 [sql] SELECT `id`, `repo_id`, `hook_id`, `uuid`, `type`, `url`, `payload_content`, `content_type`, `event_type`, `is_ssl`, `is_delivered`, `delivered`, `is_succeed`, `request_content`, `response_content` FROM `hook_task` WHERE is_delivered=? [args] [false]
[xorm] [info]  2017/01/05 01:18:47.404298 [sql] SELECT label.id FROM `label` WHERE label.num_issues!=(SELECT COUNT(*) FROM `issue_label` WHERE label_id=label.id)
[xorm] [info]  2017/01/05 01:18:47.405082 [sql] SELECT `user`.id FROM `user` WHERE `user`.num_repos!=(SELECT COUNT(*) FROM `repository` WHERE owner_id=`user`.id)
[xorm] [info]  2017/01/05 01:18:47.405751 [sql] SELECT `issue`.id FROM `issue` WHERE `issue`.num_comments!=(SELECT COUNT(*) FROM `comment` WHERE issue_id=`issue`.id AND type=0)
[xorm] [info]  2017/01/05 01:18:47.406581 [sql] SELECT repo.id FROM `repository` repo WHERE repo.num_closed_issues!=(SELECT COUNT(*) FROM `issue` WHERE repo_id=repo.id AND is_closed=? AND is_pull=?) [args] [true false]
[xorm] [info]  2017/01/05 01:18:47.407647 [sql] SELECT repo.id FROM `repository` repo WHERE repo.num_forks!=(SELECT COUNT(*) FROM `repository` WHERE fork_id=repo.id)
[xorm] [info]  2017/01/05 01:28:47.000786 [sql] SELECT `id`, `repo_id`, `interval`, `enable_prune`, `updated_unix`, `next_update_unix` FROM `mirror` WHERE next_update_unix<=? [args] [1483579727]
[xorm] [info]  2017/01/05 01:38:47.001031 [sql] SELECT `id`, `repo_id`, `interval`, `enable_prune`, `updated_unix`, `next_update_unix` FROM `mirror` WHERE next_update_unix<=? [args] [1483580327]
[xorm] [info]  2017/01/05 01:48:47.000269 [sql] SELECT `id`, `repo_id`, `interval`, `enable_prune`, `updated_unix`, `next_update_unix` FROM `mirror` WHERE next_update_unix<=? [args] [1483580927]
[xorm] [info]  2017/01/05 01:58:47.000938 [sql] SELECT `id`, `repo_id`, `interval`, `enable_prune`, `updated_unix`, `next_update_unix` FROM `mirror` WHERE next_update_unix<=? [args] [1483581527]
[xorm] [info]  2017/01/05 02:08:47.000425 [sql] SELECT `id`, `repo_id`, `interval`, `enable_prune`, `updated_unix`, `next_update_unix` FROM `mirror` WHERE next_update_unix<=? [args] [1483582127]
[xorm] [info]  2017/01/05 02:18:47.001181 [sql] SELECT `id`, `repo_id`, `interval`, `enable_prune`, `updated_unix`, `next_update_unix` FROM `mirror` WHERE next_update_unix<=? [args] [1483582727]
